{"C:\\Users\\viktoriia.beloborodo\\repos\\Java_Script\\Test\\arithmetics.js": {"path":"C:\\Users\\viktoriia.beloborodo\\repos\\Java_Script\\Test\\arithmetics.js","statementMap":{"0":{"start":{"line":2,"column":15},"end":{"line":2,"column":27}},"1":{"start":{"line":2,"column":24},"end":{"line":2,"column":27}},"2":{"start":{"line":3,"column":14},"end":{"line":3,"column":26}},"3":{"start":{"line":3,"column":23},"end":{"line":3,"column":26}},"4":{"start":{"line":4,"column":13},"end":{"line":4,"column":25}},"5":{"start":{"line":4,"column":22},"end":{"line":4,"column":25}},"6":{"start":{"line":5,"column":17},"end":{"line":5,"column":29}},"7":{"start":{"line":5,"column":26},"end":{"line":5,"column":29}},"8":{"start":{"line":6,"column":0},"end":{"line":6,"column":51}}},"fnMap":{"0":{"name":"(anonymous_0)","decl":{"start":{"line":2,"column":15},"end":{"line":2,"column":16}},"loc":{"start":{"line":2,"column":24},"end":{"line":2,"column":27}},"line":2},"1":{"name":"(anonymous_1)","decl":{"start":{"line":3,"column":14},"end":{"line":3,"column":15}},"loc":{"start":{"line":3,"column":23},"end":{"line":3,"column":26}},"line":3},"2":{"name":"(anonymous_2)","decl":{"start":{"line":4,"column":13},"end":{"line":4,"column":14}},"loc":{"start":{"line":4,"column":22},"end":{"line":4,"column":25}},"line":4},"3":{"name":"(anonymous_3)","decl":{"start":{"line":5,"column":17},"end":{"line":5,"column":18}},"loc":{"start":{"line":5,"column":26},"end":{"line":5,"column":29}},"line":5}},"branchMap":{},"s":{"0":1,"1":4,"2":1,"3":4,"4":1,"5":4,"6":1,"7":4,"8":1},"f":{"0":4,"1":4,"2":4,"3":4},"b":{},"_coverageSchema":"1a1c01bbd47fc00a2c39e90264f33305004495a9","hash":"2fee3bd9076c494fcd2c0c6e88b88897901dafa7"}
,"C:\\Users\\viktoriia.beloborodo\\repos\\Java_Script\\Test\\summa.js": {"path":"C:\\Users\\viktoriia.beloborodo\\repos\\Java_Script\\Test\\summa.js","statementMap":{"0":{"start":{"line":2,"column":2},"end":{"line":2,"column":13}},"1":{"start":{"line":4,"column":0},"end":{"line":4,"column":23}}},"fnMap":{"0":{"name":"summa","decl":{"start":{"line":1,"column":9},"end":{"line":1,"column":14}},"loc":{"start":{"line":1,"column":20},"end":{"line":3,"column":1}},"line":1}},"branchMap":{},"s":{"0":1,"1":1},"f":{"0":1},"b":{},"_coverageSchema":"1a1c01bbd47fc00a2c39e90264f33305004495a9","hash":"1b759eb886827bb0ba857f931b48207ef1369ebd"}
}
